<?xml version="1.0" encoding="UTF-8"?>
<testsuite xmlns:xsi="http://www.w3.org/2001/XMLSchema-instance" xsi:noNamespaceSchemaLocation="https://maven.apache.org/surefire/maven-surefire-plugin/xsd/surefire-test-report.xsd" version="3.0.2" name="AlexTest" time="0.744" tests="7" errors="0" skipped="0" failures="0">
  <properties>
    <property name="java.specification.version" value="23"/>
    <property name="sun.cpu.isalist" value="amd64"/>
    <property name="sun.jnu.encoding" value="Cp1251"/>
    <property name="java.class.path" value="C:\cygwin64\home\evgal\qa_java\target\test-classes;C:\cygwin64\home\evgal\qa_java\target\classes;C:\Users\evgal\.m2\repository\junit\junit\4.13.2\junit-4.13.2.jar;C:\Users\evgal\.m2\repository\org\hamcrest\hamcrest-core\1.3\hamcrest-core-1.3.jar;C:\Users\evgal\.m2\repository\org\junit\jupiter\junit-jupiter\6.0.0-M2\junit-jupiter-6.0.0-M2.jar;C:\Users\evgal\.m2\repository\org\junit\jupiter\junit-jupiter-api\6.0.0-M2\junit-jupiter-api-6.0.0-M2.jar;C:\Users\evgal\.m2\repository\org\opentest4j\opentest4j\1.3.0\opentest4j-1.3.0.jar;C:\Users\evgal\.m2\repository\org\junit\platform\junit-platform-commons\6.0.0-M2\junit-platform-commons-6.0.0-M2.jar;C:\Users\evgal\.m2\repository\org\apiguardian\apiguardian-api\1.1.2\apiguardian-api-1.1.2.jar;C:\Users\evgal\.m2\repository\org\jspecify\jspecify\1.0.0\jspecify-1.0.0.jar;C:\Users\evgal\.m2\repository\org\junit\jupiter\junit-jupiter-engine\6.0.0-M2\junit-jupiter-engine-6.0.0-M2.jar;C:\Users\evgal\.m2\repository\org\junit\platform\junit-platform-engine\6.0.0-M2\junit-platform-engine-6.0.0-M2.jar;C:\Users\evgal\.m2\repository\org\junit\jupiter\junit-jupiter-params\6.0.0-M2\junit-jupiter-params-6.0.0-M2.jar;C:\Users\evgal\.m2\repository\org\mockito\mockito-core\3.12.4\mockito-core-3.12.4.jar;C:\Users\evgal\.m2\repository\net\bytebuddy\byte-buddy-agent\1.11.13\byte-buddy-agent-1.11.13.jar;C:\Users\evgal\.m2\repository\org\objenesis\objenesis\3.2\objenesis-3.2.jar;C:\Users\evgal\.m2\repository\net\bytebuddy\byte-buddy\1.11.16\byte-buddy-1.11.16.jar;C:\Users\evgal\.m2\repository\org\mockito\mockito-junit-jupiter\5.17.0\mockito-junit-jupiter-5.17.0.jar;"/>
    <property name="java.vm.vendor" value="Oracle Corporation"/>
    <property name="sun.arch.data.model" value="64"/>
    <property name="user.variant" value=""/>
    <property name="java.vendor.url" value="https://java.oracle.com/"/>
    <property name="user.timezone" value="Asia/Yekaterinburg"/>
    <property name="os.name" value="Windows 11"/>
    <property name="java.vm.specification.version" value="23"/>
    <property name="sun.java.launcher" value="SUN_STANDARD"/>
    <property name="user.country" value="RU"/>
    <property name="sun.boot.library.path" value="C:\Users\evgal\.jdks\openjdk-23.0.2\bin"/>
    <property name="sun.java.command" value="C:\Users\evgal\AppData\Local\Temp\surefire7906612436390993583\surefirebooter-20250812222424395_3.jar C:\Users\evgal\AppData\Local\Temp\surefire7906612436390993583 2025-08-12T22-24-24_165-jvmRun1 surefire-20250812222424395_1tmp surefire_0-20250812222424395_2tmp"/>
    <property name="jdk.debug" value="release"/>
    <property name="surefire.test.class.path" value="C:\cygwin64\home\evgal\qa_java\target\test-classes;C:\cygwin64\home\evgal\qa_java\target\classes;C:\Users\evgal\.m2\repository\junit\junit\4.13.2\junit-4.13.2.jar;C:\Users\evgal\.m2\repository\org\hamcrest\hamcrest-core\1.3\hamcrest-core-1.3.jar;C:\Users\evgal\.m2\repository\org\junit\jupiter\junit-jupiter\6.0.0-M2\junit-jupiter-6.0.0-M2.jar;C:\Users\evgal\.m2\repository\org\junit\jupiter\junit-jupiter-api\6.0.0-M2\junit-jupiter-api-6.0.0-M2.jar;C:\Users\evgal\.m2\repository\org\opentest4j\opentest4j\1.3.0\opentest4j-1.3.0.jar;C:\Users\evgal\.m2\repository\org\junit\platform\junit-platform-commons\6.0.0-M2\junit-platform-commons-6.0.0-M2.jar;C:\Users\evgal\.m2\repository\org\apiguardian\apiguardian-api\1.1.2\apiguardian-api-1.1.2.jar;C:\Users\evgal\.m2\repository\org\jspecify\jspecify\1.0.0\jspecify-1.0.0.jar;C:\Users\evgal\.m2\repository\org\junit\jupiter\junit-jupiter-engine\6.0.0-M2\junit-jupiter-engine-6.0.0-M2.jar;C:\Users\evgal\.m2\repository\org\junit\platform\junit-platform-engine\6.0.0-M2\junit-platform-engine-6.0.0-M2.jar;C:\Users\evgal\.m2\repository\org\junit\jupiter\junit-jupiter-params\6.0.0-M2\junit-jupiter-params-6.0.0-M2.jar;C:\Users\evgal\.m2\repository\org\mockito\mockito-core\3.12.4\mockito-core-3.12.4.jar;C:\Users\evgal\.m2\repository\net\bytebuddy\byte-buddy-agent\1.11.13\byte-buddy-agent-1.11.13.jar;C:\Users\evgal\.m2\repository\org\objenesis\objenesis\3.2\objenesis-3.2.jar;C:\Users\evgal\.m2\repository\net\bytebuddy\byte-buddy\1.11.16\byte-buddy-1.11.16.jar;C:\Users\evgal\.m2\repository\org\mockito\mockito-junit-jupiter\5.17.0\mockito-junit-jupiter-5.17.0.jar;"/>
    <property name="sun.cpu.endian" value="little"/>
    <property name="user.home" value="C:\Users\evgal"/>
    <property name="user.language" value="ru"/>
    <property name="java.specification.vendor" value="Oracle Corporation"/>
    <property name="java.version.date" value="2025-01-21"/>
    <property name="java.home" value="C:\Users\evgal\.jdks\openjdk-23.0.2"/>
    <property name="file.separator" value="\"/>
    <property name="basedir" value="C:\cygwin64\home\evgal\qa_java"/>
    <property name="java.vm.compressedOopsMode" value="Zero based"/>
    <property name="line.separator" value="&#10;"/>
    <property name="java.vm.specification.vendor" value="Oracle Corporation"/>
    <property name="java.specification.name" value="Java Platform API Specification"/>
    <property name="surefire.real.class.path" value="C:\Users\evgal\AppData\Local\Temp\surefire7906612436390993583\surefirebooter-20250812222424395_3.jar"/>
    <property name="user.script" value=""/>
    <property name="sun.management.compiler" value="HotSpot 64-Bit Tiered Compilers"/>
    <property name="java.runtime.version" value="23.0.2+7-58"/>
    <property name="user.name" value="evgal"/>
    <property name="stdout.encoding" value="Cp1251"/>
    <property name="path.separator" value=";"/>
    <property name="os.version" value="10.0"/>
    <property name="java.runtime.name" value="OpenJDK Runtime Environment"/>
    <property name="file.encoding" value="UTF-8"/>
    <property name="java.vm.name" value="OpenJDK 64-Bit Server VM"/>
    <property name="localRepository" value="C:\Users\evgal\.m2\repository"/>
    <property name="java.vendor.url.bug" value="https://bugreport.java.com/bugreport/"/>
    <property name="java.io.tmpdir" value="C:\Users\evgal\AppData\Local\Temp\"/>
    <property name="idea.version" value="2024.3.4.1"/>
    <property name="java.version" value="23.0.2"/>
    <property name="user.dir" value="C:\cygwin64\home\evgal\qa_java"/>
    <property name="os.arch" value="amd64"/>
    <property name="java.vm.specification.name" value="Java Virtual Machine Specification"/>
    <property name="sun.os.patch.level" value=""/>
    <property name="native.encoding" value="Cp1251"/>
    <property name="java.library.path" value="C:\Users\evgal\.jdks\openjdk-23.0.2\bin;C:\WINDOWS\Sun\Java\bin;C:\WINDOWS\system32;C:\WINDOWS;C:\WINDOWS\system32;C:\WINDOWS;C:\WINDOWS\System32\Wbem;C:\WINDOWS\System32\WindowsPowerShell\v1.0\;C:\WINDOWS\System32\OpenSSH\;C:\Program Files\dotnet\;C:\Program Files (x86)\NVIDIA Corporation\PhysX\Common;C:\Program Files\NVIDIA Corporation\NVIDIA NvDLISR;C:\Program Files\nodejs\;C:\Program Files\Docker\Docker\resources\bin;C:\apache-maven-3.9.9\bin;C:\Users\evgal\.jdks\corretto-18.0.2\bin;C:\Program Files\Git\cmd;C:\Program Files\PowerShell\7\;C:\Users\evgal\AppData\Local\Programs\Python\Python312\Scripts\;C:\Users\evgal\AppData\Local\Programs\Python\Python312\;C:\Users\evgal\AppData\Local\Microsoft\WindowsApps;C:\Users\evgal\AppData\Local\Microsoft\WinGet\Packages\OO-Software.ShutUp10_Microsoft.Winget.Source_8wekyb3d8bbwe;C:\Users\evgal\AppData\Local\Programs\Microsoft VS Code\bin;C:\Users\evgal\AppData\Roaming\npm;C:\Users\evgal\AppData\Local\Programs\Fiddler;C:\Users\evgal\AppData\Local\Microsoft\WindowsApps;;."/>
    <property name="java.vm.info" value="mixed mode, sharing"/>
    <property name="stderr.encoding" value="Cp1251"/>
    <property name="java.vendor" value="Oracle Corporation"/>
    <property name="java.vm.version" value="23.0.2+7-58"/>
    <property name="sun.io.unicode.encoding" value="UnicodeLittle"/>
    <property name="java.class.version" value="67.0"/>
  </properties>
  <testcase name="getFriendsListContainsOnlyExpectedFriends" classname="AlexTest" time="0.686"/>
  <testcase name="constructorCreatesMaleLion" classname="AlexTest" time="0.001"/>
  <testcase name="getFriendsReturnsCorrectList" classname="AlexTest" time="0.001"/>
  <testcase name="getPlaceOfLivingReturnsNewYorkZoo" classname="AlexTest" time="0.004"/>
  <testcase name="doesHaveManeReturnsTrue" classname="AlexTest" time="0.002"/>
  <testcase name="getFoodReturnsFromPredator" classname="AlexTest" time="0.017"/>
  <testcase name="getKittensReturnsZero" classname="AlexTest" time="0.002"/>
</testsuite>